[0.182s] DEBUG:colcon:Command line arguments: ['/usr/bin/colcon', 'build', '--packages-select', 'rb5_ros2_control']
[0.182s] DEBUG:colcon:Parsed command line arguments: Namespace(allow_overriding=[], ament_cmake_args=None, base_paths=['.'], build_base='build', catkin_cmake_args=None, catkin_skip_building_tests=False, cmake_args=None, cmake_clean_cache=False, cmake_clean_first=False, cmake_force_configure=False, cmake_target=None, cmake_target_skip_unavailable=False, continue_on_error=False, event_handlers=None, executor='parallel', ignore_user_meta=False, install_base='install', log_base=None, log_level=None, main=<bound method BuildVerb.main of <colcon_core.verb.build.BuildVerb object at 0x7f866418b0>>, merge_install=False, metas=['./colcon.meta'], mixin=None, mixin_files=None, mixin_verb=('build',), packages_above=None, packages_above_and_dependencies=None, packages_above_depth=None, packages_end=None, packages_ignore=None, packages_ignore_regex=None, packages_select=['rb5_ros2_control'], packages_select_build_failed=False, packages_select_by_dep=None, packages_select_regex=None, packages_select_test_failures=False, packages_skip=None, packages_skip_build_finished=False, packages_skip_by_dep=None, packages_skip_regex=None, packages_skip_test_passed=False, packages_skip_up_to=None, packages_start=None, packages_up_to=None, packages_up_to_regex=None, parallel_workers=8, paths=None, symlink_install=False, test_result_base=None, verb_extension=<colcon_core.verb.build.BuildVerb object at 0x7f866418b0>, verb_name='build', verb_parser=<colcon_mixin.mixin.mixin_argument.MixinArgumentDecorator object at 0x7f865097f0>)
[0.279s] Level 1:colcon.colcon_core.package_discovery:discover_packages(colcon_meta) check parameters
[0.279s] Level 1:colcon.colcon_core.package_discovery:discover_packages(recursive) check parameters
[0.279s] Level 1:colcon.colcon_core.package_discovery:discover_packages(ignore) check parameters
[0.279s] Level 1:colcon.colcon_core.package_discovery:discover_packages(path) check parameters
[0.279s] Level 1:colcon.colcon_core.package_discovery:discover_packages(colcon_meta) discover
[0.279s] Level 1:colcon.colcon_core.package_discovery:discover_packages(recursive) discover
[0.279s] INFO:colcon.colcon_core.package_discovery:Crawling recursively for packages in '/root/ros2_ws/src/CSE145_RoboticCar/rb5_ros2_control'
[0.279s] Level 1:colcon.colcon_core.package_identification:_identify(.) by extensions ['ignore', 'ignore_ament_install']
[0.279s] Level 1:colcon.colcon_core.package_identification:_identify(.) by extension 'ignore'
[0.279s] Level 1:colcon.colcon_core.package_identification:_identify(.) by extension 'ignore_ament_install'
[0.279s] Level 1:colcon.colcon_core.package_identification:_identify(.) by extensions ['colcon_pkg']
[0.279s] Level 1:colcon.colcon_core.package_identification:_identify(.) by extension 'colcon_pkg'
[0.279s] Level 1:colcon.colcon_core.package_identification:_identify(.) by extensions ['colcon_meta']
[0.280s] Level 1:colcon.colcon_core.package_identification:_identify(.) by extension 'colcon_meta'
[0.280s] Level 1:colcon.colcon_core.package_identification:_identify(.) by extensions ['ros']
[0.280s] Level 1:colcon.colcon_core.package_identification:_identify(.) by extension 'ros'
[0.293s] DEBUG:colcon.colcon_core.package_identification:Package '.' with type 'ros.ament_cmake' and name 'rb5_ros2_control'
[0.293s] Level 1:colcon.colcon_core.package_discovery:discover_packages(recursive) using defaults
[0.293s] Level 1:colcon.colcon_core.package_discovery:discover_packages(ignore) discover
[0.293s] Level 1:colcon.colcon_core.package_discovery:discover_packages(ignore) using defaults
[0.293s] Level 1:colcon.colcon_core.package_discovery:discover_packages(path) discover
[0.293s] Level 1:colcon.colcon_core.package_discovery:discover_packages(path) using defaults
[0.307s] Level 1:colcon.colcon_core.package_discovery:discover_packages(prefix_path) check parameters
[0.307s] Level 1:colcon.colcon_core.package_discovery:discover_packages(prefix_path) discover
[0.309s] DEBUG:colcon.colcon_installed_package_information.package_discovery:Found 4 installed packages in /root/ros2_ws/install
[0.310s] DEBUG:colcon.colcon_installed_package_information.package_discovery:Found 181 installed packages in /opt/ros/foxy
[0.311s] Level 1:colcon.colcon_core.package_discovery:discover_packages(prefix_path) using defaults
[0.344s] Level 5:colcon.colcon_core.verb:set package 'rb5_ros2_control' build argument 'cmake_args' from command line to 'None'
[0.345s] Level 5:colcon.colcon_core.verb:set package 'rb5_ros2_control' build argument 'cmake_target' from command line to 'None'
[0.345s] Level 5:colcon.colcon_core.verb:set package 'rb5_ros2_control' build argument 'cmake_target_skip_unavailable' from command line to 'False'
[0.345s] Level 5:colcon.colcon_core.verb:set package 'rb5_ros2_control' build argument 'cmake_clean_cache' from command line to 'False'
[0.345s] Level 5:colcon.colcon_core.verb:set package 'rb5_ros2_control' build argument 'cmake_clean_first' from command line to 'False'
[0.345s] Level 5:colcon.colcon_core.verb:set package 'rb5_ros2_control' build argument 'cmake_force_configure' from command line to 'False'
[0.345s] Level 5:colcon.colcon_core.verb:set package 'rb5_ros2_control' build argument 'ament_cmake_args' from command line to 'None'
[0.345s] Level 5:colcon.colcon_core.verb:set package 'rb5_ros2_control' build argument 'catkin_cmake_args' from command line to 'None'
[0.345s] Level 5:colcon.colcon_core.verb:set package 'rb5_ros2_control' build argument 'catkin_skip_building_tests' from command line to 'False'
[0.345s] DEBUG:colcon.colcon_core.verb:Building package 'rb5_ros2_control' with the following arguments: {'ament_cmake_args': None, 'build_base': '/root/ros2_ws/src/CSE145_RoboticCar/rb5_ros2_control/build/rb5_ros2_control', 'catkin_cmake_args': None, 'catkin_skip_building_tests': False, 'cmake_args': None, 'cmake_clean_cache': False, 'cmake_clean_first': False, 'cmake_force_configure': False, 'cmake_target': None, 'cmake_target_skip_unavailable': False, 'install_base': '/root/ros2_ws/src/CSE145_RoboticCar/rb5_ros2_control/install/rb5_ros2_control', 'merge_install': False, 'path': '/root/ros2_ws/src/CSE145_RoboticCar/rb5_ros2_control', 'symlink_install': False, 'test_result_base': None}
[0.345s] INFO:colcon.colcon_core.executor:Executing jobs using 'parallel' executor
[0.350s] DEBUG:colcon.colcon_parallel_executor.executor.parallel:run_until_complete
[0.350s] INFO:colcon.colcon_ros.task.ament_cmake.build:Building ROS package in '/root/ros2_ws/src/CSE145_RoboticCar/rb5_ros2_control' with build type 'ament_cmake'
[0.351s] INFO:colcon.colcon_cmake.task.cmake.build:Building CMake package in '/root/ros2_ws/src/CSE145_RoboticCar/rb5_ros2_control'
[0.355s] INFO:colcon.colcon_core.plugin_system:Skipping extension 'colcon_core.shell.bat': Not used on non-Windows systems
[0.355s] INFO:colcon.colcon_core.shell:Skip shell extension 'powershell' for command environment: Not usable outside of PowerShell
[0.355s] DEBUG:colcon.colcon_core.shell:Skip shell extension 'dsv' for command environment
[0.415s] DEBUG:colcon.colcon_core.event_handler.log_command:Invoking command in '/root/ros2_ws/src/CSE145_RoboticCar/rb5_ros2_control/build/rb5_ros2_control': CMAKE_PREFIX_PATH=${CMAKE_PREFIX_PATH}:/opt/ros/foxy _=/usr/bin/env /usr/bin/cmake --build /root/ros2_ws/src/CSE145_RoboticCar/rb5_ros2_control/build/rb5_ros2_control -- -j8 -l8
[0.690s] DEBUG:colcon.colcon_core.event_handler.log_command:Invoked command in '/root/ros2_ws/src/CSE145_RoboticCar/rb5_ros2_control/build/rb5_ros2_control' returned '0': CMAKE_PREFIX_PATH=${CMAKE_PREFIX_PATH}:/opt/ros/foxy _=/usr/bin/env /usr/bin/cmake --build /root/ros2_ws/src/CSE145_RoboticCar/rb5_ros2_control/build/rb5_ros2_control -- -j8 -l8
[0.951s] DEBUG:colcon.colcon_core.event_handler.log_command:Invoking command in '/root/ros2_ws/src/CSE145_RoboticCar/rb5_ros2_control/build/rb5_ros2_control': CMAKE_PREFIX_PATH=${CMAKE_PREFIX_PATH}:/opt/ros/foxy _=/usr/bin/env /usr/bin/cmake --install /root/ros2_ws/src/CSE145_RoboticCar/rb5_ros2_control/build/rb5_ros2_control
[1.104s] Level 1:colcon.colcon_core.environment:create_environment_scripts_only(rb5_ros2_control)
[1.107s] DEBUG:colcon.colcon_core.event_handler.log_command:Invoked command in '/root/ros2_ws/src/CSE145_RoboticCar/rb5_ros2_control/build/rb5_ros2_control' returned '0': CMAKE_PREFIX_PATH=${CMAKE_PREFIX_PATH}:/opt/ros/foxy _=/usr/bin/env /usr/bin/cmake --install /root/ros2_ws/src/CSE145_RoboticCar/rb5_ros2_control/build/rb5_ros2_control
[1.117s] Level 1:colcon.colcon_core.environment:checking '/root/ros2_ws/src/CSE145_RoboticCar/rb5_ros2_control/install/rb5_ros2_control' for CMake module files
[1.121s] Level 1:colcon.colcon_core.environment:checking '/root/ros2_ws/src/CSE145_RoboticCar/rb5_ros2_control/install/rb5_ros2_control' for CMake config files
[1.121s] Level 1:colcon.colcon_core.shell:create_environment_hook('rb5_ros2_control', 'cmake_prefix_path')
[1.123s] INFO:colcon.colcon_core.shell:Creating environment hook '/root/ros2_ws/src/CSE145_RoboticCar/rb5_ros2_control/install/rb5_ros2_control/share/rb5_ros2_control/hook/cmake_prefix_path.ps1'
[1.126s] INFO:colcon.colcon_core.shell:Creating environment descriptor '/root/ros2_ws/src/CSE145_RoboticCar/rb5_ros2_control/install/rb5_ros2_control/share/rb5_ros2_control/hook/cmake_prefix_path.dsv'
[1.127s] INFO:colcon.colcon_core.shell:Creating environment hook '/root/ros2_ws/src/CSE145_RoboticCar/rb5_ros2_control/install/rb5_ros2_control/share/rb5_ros2_control/hook/cmake_prefix_path.sh'
[1.131s] Level 1:colcon.colcon_core.environment:checking '/root/ros2_ws/src/CSE145_RoboticCar/rb5_ros2_control/install/rb5_ros2_control/lib'
[1.132s] Level 1:colcon.colcon_core.environment:checking '/root/ros2_ws/src/CSE145_RoboticCar/rb5_ros2_control/install/rb5_ros2_control/bin'
[1.132s] Level 1:colcon.colcon_core.environment:checking '/root/ros2_ws/src/CSE145_RoboticCar/rb5_ros2_control/install/rb5_ros2_control/lib/pkgconfig/rb5_ros2_control.pc'
[1.134s] Level 1:colcon.colcon_core.environment:checking '/root/ros2_ws/src/CSE145_RoboticCar/rb5_ros2_control/install/rb5_ros2_control/lib/python3.8/site-packages'
[1.134s] Level 1:colcon.colcon_core.shell:create_environment_hook('rb5_ros2_control', 'pythonpath')
[1.134s] INFO:colcon.colcon_core.shell:Creating environment hook '/root/ros2_ws/src/CSE145_RoboticCar/rb5_ros2_control/install/rb5_ros2_control/share/rb5_ros2_control/hook/pythonpath.ps1'
[1.135s] INFO:colcon.colcon_core.shell:Creating environment descriptor '/root/ros2_ws/src/CSE145_RoboticCar/rb5_ros2_control/install/rb5_ros2_control/share/rb5_ros2_control/hook/pythonpath.dsv'
[1.135s] INFO:colcon.colcon_core.shell:Creating environment hook '/root/ros2_ws/src/CSE145_RoboticCar/rb5_ros2_control/install/rb5_ros2_control/share/rb5_ros2_control/hook/pythonpath.sh'
[1.136s] Level 1:colcon.colcon_core.environment:checking '/root/ros2_ws/src/CSE145_RoboticCar/rb5_ros2_control/install/rb5_ros2_control/bin'
[1.136s] INFO:colcon.colcon_core.shell:Creating package script '/root/ros2_ws/src/CSE145_RoboticCar/rb5_ros2_control/install/rb5_ros2_control/share/rb5_ros2_control/package.ps1'
[1.137s] INFO:colcon.colcon_core.shell:Creating package descriptor '/root/ros2_ws/src/CSE145_RoboticCar/rb5_ros2_control/install/rb5_ros2_control/share/rb5_ros2_control/package.dsv'
[1.137s] INFO:colcon.colcon_core.shell:Creating package script '/root/ros2_ws/src/CSE145_RoboticCar/rb5_ros2_control/install/rb5_ros2_control/share/rb5_ros2_control/package.sh'
[1.138s] INFO:colcon.colcon_core.shell:Creating package script '/root/ros2_ws/src/CSE145_RoboticCar/rb5_ros2_control/install/rb5_ros2_control/share/rb5_ros2_control/package.bash'
[1.139s] INFO:colcon.colcon_core.shell:Creating package script '/root/ros2_ws/src/CSE145_RoboticCar/rb5_ros2_control/install/rb5_ros2_control/share/rb5_ros2_control/package.zsh'
[1.140s] Level 1:colcon.colcon_core.environment:create_file_with_runtime_dependencies(/root/ros2_ws/src/CSE145_RoboticCar/rb5_ros2_control/install/rb5_ros2_control/share/colcon-core/packages/rb5_ros2_control)
[1.340s] Level 1:colcon.colcon_core.environment:create_environment_scripts_only(rb5_ros2_control)
[1.344s] Level 1:colcon.colcon_core.environment:checking '/root/ros2_ws/src/CSE145_RoboticCar/rb5_ros2_control/install/rb5_ros2_control' for CMake module files
[1.352s] Level 1:colcon.colcon_core.environment:checking '/root/ros2_ws/src/CSE145_RoboticCar/rb5_ros2_control/install/rb5_ros2_control' for CMake config files
[1.354s] Level 1:colcon.colcon_core.shell:create_environment_hook('rb5_ros2_control', 'cmake_prefix_path')
[1.356s] INFO:colcon.colcon_core.shell:Creating environment hook '/root/ros2_ws/src/CSE145_RoboticCar/rb5_ros2_control/install/rb5_ros2_control/share/rb5_ros2_control/hook/cmake_prefix_path.ps1'
[1.362s] INFO:colcon.colcon_core.shell:Creating environment descriptor '/root/ros2_ws/src/CSE145_RoboticCar/rb5_ros2_control/install/rb5_ros2_control/share/rb5_ros2_control/hook/cmake_prefix_path.dsv'
[1.364s] INFO:colcon.colcon_core.shell:Creating environment hook '/root/ros2_ws/src/CSE145_RoboticCar/rb5_ros2_control/install/rb5_ros2_control/share/rb5_ros2_control/hook/cmake_prefix_path.sh'
[1.367s] Level 1:colcon.colcon_core.environment:checking '/root/ros2_ws/src/CSE145_RoboticCar/rb5_ros2_control/install/rb5_ros2_control/lib'
[1.367s] Level 1:colcon.colcon_core.environment:checking '/root/ros2_ws/src/CSE145_RoboticCar/rb5_ros2_control/install/rb5_ros2_control/bin'
[1.367s] Level 1:colcon.colcon_core.environment:checking '/root/ros2_ws/src/CSE145_RoboticCar/rb5_ros2_control/install/rb5_ros2_control/lib/pkgconfig/rb5_ros2_control.pc'
[1.369s] Level 1:colcon.colcon_core.environment:checking '/root/ros2_ws/src/CSE145_RoboticCar/rb5_ros2_control/install/rb5_ros2_control/lib/python3.8/site-packages'
[1.369s] Level 1:colcon.colcon_core.shell:create_environment_hook('rb5_ros2_control', 'pythonpath')
[1.370s] INFO:colcon.colcon_core.shell:Creating environment hook '/root/ros2_ws/src/CSE145_RoboticCar/rb5_ros2_control/install/rb5_ros2_control/share/rb5_ros2_control/hook/pythonpath.ps1'
[1.372s] INFO:colcon.colcon_core.shell:Creating environment descriptor '/root/ros2_ws/src/CSE145_RoboticCar/rb5_ros2_control/install/rb5_ros2_control/share/rb5_ros2_control/hook/pythonpath.dsv'
[1.374s] INFO:colcon.colcon_core.shell:Creating environment hook '/root/ros2_ws/src/CSE145_RoboticCar/rb5_ros2_control/install/rb5_ros2_control/share/rb5_ros2_control/hook/pythonpath.sh'
[1.376s] Level 1:colcon.colcon_core.environment:checking '/root/ros2_ws/src/CSE145_RoboticCar/rb5_ros2_control/install/rb5_ros2_control/bin'
[1.377s] INFO:colcon.colcon_core.shell:Creating package script '/root/ros2_ws/src/CSE145_RoboticCar/rb5_ros2_control/install/rb5_ros2_control/share/rb5_ros2_control/package.ps1'
[1.379s] INFO:colcon.colcon_core.shell:Creating package descriptor '/root/ros2_ws/src/CSE145_RoboticCar/rb5_ros2_control/install/rb5_ros2_control/share/rb5_ros2_control/package.dsv'
[1.382s] INFO:colcon.colcon_core.shell:Creating package script '/root/ros2_ws/src/CSE145_RoboticCar/rb5_ros2_control/install/rb5_ros2_control/share/rb5_ros2_control/package.sh'
[1.384s] INFO:colcon.colcon_core.shell:Creating package script '/root/ros2_ws/src/CSE145_RoboticCar/rb5_ros2_control/install/rb5_ros2_control/share/rb5_ros2_control/package.bash'
[1.385s] INFO:colcon.colcon_core.shell:Creating package script '/root/ros2_ws/src/CSE145_RoboticCar/rb5_ros2_control/install/rb5_ros2_control/share/rb5_ros2_control/package.zsh'
[1.387s] Level 1:colcon.colcon_core.environment:create_file_with_runtime_dependencies(/root/ros2_ws/src/CSE145_RoboticCar/rb5_ros2_control/install/rb5_ros2_control/share/colcon-core/packages/rb5_ros2_control)
[1.388s] DEBUG:colcon.colcon_parallel_executor.executor.parallel:closing loop
[1.390s] DEBUG:colcon.colcon_parallel_executor.executor.parallel:loop closed
[1.390s] DEBUG:colcon.colcon_parallel_executor.executor.parallel:run_until_complete finished with '0'
[1.390s] DEBUG:colcon.colcon_core.event_reactor:joining thread
[1.429s] INFO:colcon.colcon_core.plugin_system:Skipping extension 'colcon_notification.desktop_notification.notify_send': Could not find 'notify-send'
[1.429s] INFO:colcon.colcon_core.plugin_system:Skipping extension 'colcon_notification.desktop_notification.terminal_notifier': Not used on non-Darwin systems
[1.429s] INFO:colcon.colcon_core.plugin_system:Skipping extension 'colcon_notification.desktop_notification.win32': Not used on non-Windows systems
[1.430s] INFO:colcon.colcon_notification.desktop_notification:Sending desktop notification using 'notify2'
[1.433s] DEBUG:colcon.colcon_notification.desktop_notification.notify2:Failed to initialize notify2: org.freedesktop.DBus.Error.ServiceUnknown: The name org.freedesktop.Notifications was not provided by any .service files
[1.434s] DEBUG:colcon.colcon_core.event_reactor:joined thread
[1.435s] INFO:colcon.colcon_core.shell:Creating prefix script '/root/ros2_ws/src/CSE145_RoboticCar/rb5_ros2_control/install/local_setup.ps1'
[1.440s] INFO:colcon.colcon_core.shell:Creating prefix util module '/root/ros2_ws/src/CSE145_RoboticCar/rb5_ros2_control/install/_local_setup_util_ps1.py'
[1.448s] INFO:colcon.colcon_core.shell:Creating prefix chain script '/root/ros2_ws/src/CSE145_RoboticCar/rb5_ros2_control/install/setup.ps1'
[1.454s] INFO:colcon.colcon_core.shell:Creating prefix script '/root/ros2_ws/src/CSE145_RoboticCar/rb5_ros2_control/install/local_setup.sh'
[1.457s] INFO:colcon.colcon_core.shell:Creating prefix util module '/root/ros2_ws/src/CSE145_RoboticCar/rb5_ros2_control/install/_local_setup_util_sh.py'
[1.458s] INFO:colcon.colcon_core.shell:Creating prefix chain script '/root/ros2_ws/src/CSE145_RoboticCar/rb5_ros2_control/install/setup.sh'
[1.464s] INFO:colcon.colcon_core.shell:Creating prefix script '/root/ros2_ws/src/CSE145_RoboticCar/rb5_ros2_control/install/local_setup.bash'
[1.466s] INFO:colcon.colcon_core.shell:Creating prefix chain script '/root/ros2_ws/src/CSE145_RoboticCar/rb5_ros2_control/install/setup.bash'
[1.471s] INFO:colcon.colcon_core.shell:Creating prefix script '/root/ros2_ws/src/CSE145_RoboticCar/rb5_ros2_control/install/local_setup.zsh'
[1.472s] INFO:colcon.colcon_core.shell:Creating prefix chain script '/root/ros2_ws/src/CSE145_RoboticCar/rb5_ros2_control/install/setup.zsh'
