-- Install configuration: ""
-- Up-to-date: /root/ros2_ws/src/CSE145_RoboticCar/rb5_ros2_control/install/rb5_ros2_control/share/rb5_ros2_control/environment/pythonpath.sh
-- Up-to-date: /root/ros2_ws/src/CSE145_RoboticCar/rb5_ros2_control/install/rb5_ros2_control/share/rb5_ros2_control/environment/pythonpath.dsv
-- Up-to-date: /root/ros2_ws/src/CSE145_RoboticCar/rb5_ros2_control/install/rb5_ros2_control/lib/python3.8/site-packages/rb5_ros2_control
-- Up-to-date: /root/ros2_ws/src/CSE145_RoboticCar/rb5_ros2_control/install/rb5_ros2_control/lib/python3.8/site-packages/rb5_ros2_control/__init__.py
-- Up-to-date: /root/ros2_ws/src/CSE145_RoboticCar/rb5_ros2_control/install/rb5_ros2_control/lib/python3.8/site-packages/rb5_ros2_control/mpi_control.py
-- Up-to-date: /root/ros2_ws/src/CSE145_RoboticCar/rb5_ros2_control/install/rb5_ros2_control/lib/python3.8/site-packages/rb5_ros2_control/rb5_control_node.py
-- Up-to-date: /root/ros2_ws/src/CSE145_RoboticCar/rb5_ros2_control/install/rb5_ros2_control/lib/python3.8/site-packages/rb5_ros2_control/rb5_keyjoy_control_node.py
-- Installing: /root/ros2_ws/src/CSE145_RoboticCar/rb5_ros2_control/install/rb5_ros2_control/lib/python3.8/site-packages/rb5_ros2_control/open_loop_node.py
-- Installing: /root/ros2_ws/src/CSE145_RoboticCar/rb5_ros2_control/install/rb5_ros2_control/lib/python3.8/site-packages/rb5_ros2_control/log
-- Installing: /root/ros2_ws/src/CSE145_RoboticCar/rb5_ros2_control/install/rb5_ros2_control/lib/python3.8/site-packages/rb5_ros2_control/log/build_2025-04-26_20-07-13
-- Installing: /root/ros2_ws/src/CSE145_RoboticCar/rb5_ros2_control/install/rb5_ros2_control/lib/python3.8/site-packages/rb5_ros2_control/log/build_2025-04-26_20-07-13/logger_all.log
-- Installing: /root/ros2_ws/src/CSE145_RoboticCar/rb5_ros2_control/install/rb5_ros2_control/lib/python3.8/site-packages/rb5_ros2_control/log/build_2025-04-26_20-07-13/events.log
-- Installing: /root/ros2_ws/src/CSE145_RoboticCar/rb5_ros2_control/install/rb5_ros2_control/lib/python3.8/site-packages/rb5_ros2_control/log/COLCON_IGNORE
-- Installing: /root/ros2_ws/src/CSE145_RoboticCar/rb5_ros2_control/install/rb5_ros2_control/lib/python3.8/site-packages/rb5_ros2_control/log/latest_build
-- Installing: /root/ros2_ws/src/CSE145_RoboticCar/rb5_ros2_control/install/rb5_ros2_control/lib/python3.8/site-packages/rb5_ros2_control/log/latest
-- Installing: /root/ros2_ws/src/CSE145_RoboticCar/rb5_ros2_control/install/rb5_ros2_control/lib/python3.8/site-packages/rb5_ros2_control/build
-- Installing: /root/ros2_ws/src/CSE145_RoboticCar/rb5_ros2_control/install/rb5_ros2_control/lib/python3.8/site-packages/rb5_ros2_control/build/.built_by
-- Installing: /root/ros2_ws/src/CSE145_RoboticCar/rb5_ros2_control/install/rb5_ros2_control/lib/python3.8/site-packages/rb5_ros2_control/build/COLCON_IGNORE
-- Installing: /root/ros2_ws/src/CSE145_RoboticCar/rb5_ros2_control/install/rb5_ros2_control/lib/python3.8/site-packages/rb5_ros2_control/install
-- Installing: /root/ros2_ws/src/CSE145_RoboticCar/rb5_ros2_control/install/rb5_ros2_control/lib/python3.8/site-packages/rb5_ros2_control/install/.colcon_install_layout
-- Installing: /root/ros2_ws/src/CSE145_RoboticCar/rb5_ros2_control/install/rb5_ros2_control/lib/python3.8/site-packages/rb5_ros2_control/install/COLCON_IGNORE
-- Installing: /root/ros2_ws/src/CSE145_RoboticCar/rb5_ros2_control/install/rb5_ros2_control/lib/python3.8/site-packages/rb5_ros2_control/install/local_setup.ps1
-- Installing: /root/ros2_ws/src/CSE145_RoboticCar/rb5_ros2_control/install/rb5_ros2_control/lib/python3.8/site-packages/rb5_ros2_control/install/_local_setup_util_ps1.py
-- Installing: /root/ros2_ws/src/CSE145_RoboticCar/rb5_ros2_control/install/rb5_ros2_control/lib/python3.8/site-packages/rb5_ros2_control/install/setup.ps1
-- Installing: /root/ros2_ws/src/CSE145_RoboticCar/rb5_ros2_control/install/rb5_ros2_control/lib/python3.8/site-packages/rb5_ros2_control/install/local_setup.sh
-- Installing: /root/ros2_ws/src/CSE145_RoboticCar/rb5_ros2_control/install/rb5_ros2_control/lib/python3.8/site-packages/rb5_ros2_control/install/_local_setup_util_sh.py
-- Installing: /root/ros2_ws/src/CSE145_RoboticCar/rb5_ros2_control/install/rb5_ros2_control/lib/python3.8/site-packages/rb5_ros2_control/install/setup.sh
-- Installing: /root/ros2_ws/src/CSE145_RoboticCar/rb5_ros2_control/install/rb5_ros2_control/lib/python3.8/site-packages/rb5_ros2_control/install/local_setup.bash
-- Installing: /root/ros2_ws/src/CSE145_RoboticCar/rb5_ros2_control/install/rb5_ros2_control/lib/python3.8/site-packages/rb5_ros2_control/install/setup.bash
-- Installing: /root/ros2_ws/src/CSE145_RoboticCar/rb5_ros2_control/install/rb5_ros2_control/lib/python3.8/site-packages/rb5_ros2_control/install/local_setup.zsh
-- Installing: /root/ros2_ws/src/CSE145_RoboticCar/rb5_ros2_control/install/rb5_ros2_control/lib/python3.8/site-packages/rb5_ros2_control/install/setup.zsh
Listing '/root/ros2_ws/src/CSE145_RoboticCar/rb5_ros2_control/install/rb5_ros2_control/lib/python3.8/site-packages/rb5_ros2_control'...
Listing '/root/ros2_ws/src/CSE145_RoboticCar/rb5_ros2_control/install/rb5_ros2_control/lib/python3.8/site-packages/rb5_ros2_control/build'...
Listing '/root/ros2_ws/src/CSE145_RoboticCar/rb5_ros2_control/install/rb5_ros2_control/lib/python3.8/site-packages/rb5_ros2_control/install'...
Compiling '/root/ros2_ws/src/CSE145_RoboticCar/rb5_ros2_control/install/rb5_ros2_control/lib/python3.8/site-packages/rb5_ros2_control/install/_local_setup_util_ps1.py'...
Compiling '/root/ros2_ws/src/CSE145_RoboticCar/rb5_ros2_control/install/rb5_ros2_control/lib/python3.8/site-packages/rb5_ros2_control/install/_local_setup_util_sh.py'...
Listing '/root/ros2_ws/src/CSE145_RoboticCar/rb5_ros2_control/install/rb5_ros2_control/lib/python3.8/site-packages/rb5_ros2_control/log'...
Listing '/root/ros2_ws/src/CSE145_RoboticCar/rb5_ros2_control/install/rb5_ros2_control/lib/python3.8/site-packages/rb5_ros2_control/log/build_2025-04-26_20-07-13'...
Compiling '/root/ros2_ws/src/CSE145_RoboticCar/rb5_ros2_control/install/rb5_ros2_control/lib/python3.8/site-packages/rb5_ros2_control/open_loop_node.py'...
-- Up-to-date: /root/ros2_ws/src/CSE145_RoboticCar/rb5_ros2_control/install/rb5_ros2_control/lib/rb5_ros2_control/mpi_control.py
-- Up-to-date: /root/ros2_ws/src/CSE145_RoboticCar/rb5_ros2_control/install/rb5_ros2_control/lib/rb5_ros2_control/rb5_control_node.py
-- Up-to-date: /root/ros2_ws/src/CSE145_RoboticCar/rb5_ros2_control/install/rb5_ros2_control/lib/rb5_ros2_control/rb5_keyjoy_control_node.py
-- Installing: /root/ros2_ws/src/CSE145_RoboticCar/rb5_ros2_control/install/rb5_ros2_control/lib/rb5_ros2_control/open_loop_node.py
-- Up-to-date: /root/ros2_ws/src/CSE145_RoboticCar/rb5_ros2_control/install/rb5_ros2_control/share/ament_index/resource_index/package_run_dependencies/rb5_ros2_control
-- Up-to-date: /root/ros2_ws/src/CSE145_RoboticCar/rb5_ros2_control/install/rb5_ros2_control/share/ament_index/resource_index/parent_prefix_path/rb5_ros2_control
-- Up-to-date: /root/ros2_ws/src/CSE145_RoboticCar/rb5_ros2_control/install/rb5_ros2_control/share/rb5_ros2_control/environment/ament_prefix_path.sh
-- Up-to-date: /root/ros2_ws/src/CSE145_RoboticCar/rb5_ros2_control/install/rb5_ros2_control/share/rb5_ros2_control/environment/ament_prefix_path.dsv
-- Up-to-date: /root/ros2_ws/src/CSE145_RoboticCar/rb5_ros2_control/install/rb5_ros2_control/share/rb5_ros2_control/environment/path.sh
-- Up-to-date: /root/ros2_ws/src/CSE145_RoboticCar/rb5_ros2_control/install/rb5_ros2_control/share/rb5_ros2_control/environment/path.dsv
-- Up-to-date: /root/ros2_ws/src/CSE145_RoboticCar/rb5_ros2_control/install/rb5_ros2_control/share/rb5_ros2_control/local_setup.bash
-- Up-to-date: /root/ros2_ws/src/CSE145_RoboticCar/rb5_ros2_control/install/rb5_ros2_control/share/rb5_ros2_control/local_setup.sh
-- Up-to-date: /root/ros2_ws/src/CSE145_RoboticCar/rb5_ros2_control/install/rb5_ros2_control/share/rb5_ros2_control/local_setup.zsh
-- Up-to-date: /root/ros2_ws/src/CSE145_RoboticCar/rb5_ros2_control/install/rb5_ros2_control/share/rb5_ros2_control/local_setup.dsv
-- Installing: /root/ros2_ws/src/CSE145_RoboticCar/rb5_ros2_control/install/rb5_ros2_control/share/rb5_ros2_control/package.dsv
-- Up-to-date: /root/ros2_ws/src/CSE145_RoboticCar/rb5_ros2_control/install/rb5_ros2_control/share/ament_index/resource_index/packages/rb5_ros2_control
-- Up-to-date: /root/ros2_ws/src/CSE145_RoboticCar/rb5_ros2_control/install/rb5_ros2_control/share/rb5_ros2_control/cmake/rb5_ros2_controlConfig.cmake
-- Up-to-date: /root/ros2_ws/src/CSE145_RoboticCar/rb5_ros2_control/install/rb5_ros2_control/share/rb5_ros2_control/cmake/rb5_ros2_controlConfig-version.cmake
-- Up-to-date: /root/ros2_ws/src/CSE145_RoboticCar/rb5_ros2_control/install/rb5_ros2_control/share/rb5_ros2_control/package.xml
