[0.271s] DEBUG:colcon:Command line arguments: ['/usr/bin/colcon', 'build', '--packages-select', 'rb5_ros2_control']
[0.271s] DEBUG:colcon:Parsed command line arguments: Namespace(allow_overriding=[], ament_cmake_args=None, base_paths=['.'], build_base='build', catkin_cmake_args=None, catkin_skip_building_tests=False, cmake_args=None, cmake_clean_cache=False, cmake_clean_first=False, cmake_force_configure=False, cmake_target=None, cmake_target_skip_unavailable=False, continue_on_error=False, event_handlers=None, executor='parallel', ignore_user_meta=False, install_base='install', log_base=None, log_level=None, main=<bound method BuildVerb.main of <colcon_core.verb.build.BuildVerb object at 0x7f873a0850>>, merge_install=False, metas=['./colcon.meta'], mixin=None, mixin_files=None, mixin_verb=('build',), packages_above=None, packages_above_and_dependencies=None, packages_above_depth=None, packages_end=None, packages_ignore=None, packages_ignore_regex=None, packages_select=['rb5_ros2_control'], packages_select_build_failed=False, packages_select_by_dep=None, packages_select_regex=None, packages_select_test_failures=False, packages_skip=None, packages_skip_build_finished=False, packages_skip_by_dep=None, packages_skip_regex=None, packages_skip_test_passed=False, packages_skip_up_to=None, packages_start=None, packages_up_to=None, packages_up_to_regex=None, parallel_workers=8, paths=None, symlink_install=False, test_result_base=None, verb_extension=<colcon_core.verb.build.BuildVerb object at 0x7f873a0850>, verb_name='build', verb_parser=<colcon_mixin.mixin.mixin_argument.MixinArgumentDecorator object at 0x7f87269790>)
[0.390s] Level 1:colcon.colcon_core.package_discovery:discover_packages(colcon_meta) check parameters
[0.390s] Level 1:colcon.colcon_core.package_discovery:discover_packages(recursive) check parameters
[0.390s] Level 1:colcon.colcon_core.package_discovery:discover_packages(ignore) check parameters
[0.390s] Level 1:colcon.colcon_core.package_discovery:discover_packages(path) check parameters
[0.391s] Level 1:colcon.colcon_core.package_discovery:discover_packages(colcon_meta) discover
[0.391s] Level 1:colcon.colcon_core.package_discovery:discover_packages(recursive) discover
[0.391s] INFO:colcon.colcon_core.package_discovery:Crawling recursively for packages in '/root/ros2_ws/src/CSE145_RoboticCar/rb5_ros2_control'
[0.391s] Level 1:colcon.colcon_core.package_identification:_identify(.) by extensions ['ignore', 'ignore_ament_install']
[0.391s] Level 1:colcon.colcon_core.package_identification:_identify(.) by extension 'ignore'
[0.391s] Level 1:colcon.colcon_core.package_identification:_identify(.) by extension 'ignore_ament_install'
[0.391s] Level 1:colcon.colcon_core.package_identification:_identify(.) by extensions ['colcon_pkg']
[0.391s] Level 1:colcon.colcon_core.package_identification:_identify(.) by extension 'colcon_pkg'
[0.391s] Level 1:colcon.colcon_core.package_identification:_identify(.) by extensions ['colcon_meta']
[0.391s] Level 1:colcon.colcon_core.package_identification:_identify(.) by extension 'colcon_meta'
[0.391s] Level 1:colcon.colcon_core.package_identification:_identify(.) by extensions ['ros']
[0.391s] Level 1:colcon.colcon_core.package_identification:_identify(.) by extension 'ros'
[0.411s] DEBUG:colcon.colcon_core.package_identification:Package '.' with type 'ros.ament_cmake' and name 'rb5_ros2_control'
[0.411s] Level 1:colcon.colcon_core.package_discovery:discover_packages(recursive) using defaults
[0.411s] Level 1:colcon.colcon_core.package_discovery:discover_packages(ignore) discover
[0.411s] Level 1:colcon.colcon_core.package_discovery:discover_packages(ignore) using defaults
[0.411s] Level 1:colcon.colcon_core.package_discovery:discover_packages(path) discover
[0.411s] Level 1:colcon.colcon_core.package_discovery:discover_packages(path) using defaults
[0.441s] Level 1:colcon.colcon_core.package_discovery:discover_packages(prefix_path) check parameters
[0.441s] Level 1:colcon.colcon_core.package_discovery:discover_packages(prefix_path) discover
[0.444s] DEBUG:colcon.colcon_installed_package_information.package_discovery:Found 4 installed packages in /root/ros2_ws/install
[0.446s] DEBUG:colcon.colcon_installed_package_information.package_discovery:Found 181 installed packages in /opt/ros/foxy
[0.447s] Level 1:colcon.colcon_core.package_discovery:discover_packages(prefix_path) using defaults
[0.491s] Level 5:colcon.colcon_core.verb:set package 'rb5_ros2_control' build argument 'cmake_args' from command line to 'None'
[0.492s] Level 5:colcon.colcon_core.verb:set package 'rb5_ros2_control' build argument 'cmake_target' from command line to 'None'
[0.492s] Level 5:colcon.colcon_core.verb:set package 'rb5_ros2_control' build argument 'cmake_target_skip_unavailable' from command line to 'False'
[0.492s] Level 5:colcon.colcon_core.verb:set package 'rb5_ros2_control' build argument 'cmake_clean_cache' from command line to 'False'
[0.492s] Level 5:colcon.colcon_core.verb:set package 'rb5_ros2_control' build argument 'cmake_clean_first' from command line to 'False'
[0.492s] Level 5:colcon.colcon_core.verb:set package 'rb5_ros2_control' build argument 'cmake_force_configure' from command line to 'False'
[0.492s] Level 5:colcon.colcon_core.verb:set package 'rb5_ros2_control' build argument 'ament_cmake_args' from command line to 'None'
[0.492s] Level 5:colcon.colcon_core.verb:set package 'rb5_ros2_control' build argument 'catkin_cmake_args' from command line to 'None'
[0.492s] Level 5:colcon.colcon_core.verb:set package 'rb5_ros2_control' build argument 'catkin_skip_building_tests' from command line to 'False'
[0.492s] DEBUG:colcon.colcon_core.verb:Building package 'rb5_ros2_control' with the following arguments: {'ament_cmake_args': None, 'build_base': '/root/ros2_ws/src/CSE145_RoboticCar/rb5_ros2_control/build/rb5_ros2_control', 'catkin_cmake_args': None, 'catkin_skip_building_tests': False, 'cmake_args': None, 'cmake_clean_cache': False, 'cmake_clean_first': False, 'cmake_force_configure': False, 'cmake_target': None, 'cmake_target_skip_unavailable': False, 'install_base': '/root/ros2_ws/src/CSE145_RoboticCar/rb5_ros2_control/install/rb5_ros2_control', 'merge_install': False, 'path': '/root/ros2_ws/src/CSE145_RoboticCar/rb5_ros2_control', 'symlink_install': False, 'test_result_base': None}
[0.492s] INFO:colcon.colcon_core.executor:Executing jobs using 'parallel' executor
[0.494s] DEBUG:colcon.colcon_parallel_executor.executor.parallel:run_until_complete
[0.494s] INFO:colcon.colcon_ros.task.ament_cmake.build:Building ROS package in '/root/ros2_ws/src/CSE145_RoboticCar/rb5_ros2_control' with build type 'ament_cmake'
[0.494s] INFO:colcon.colcon_cmake.task.cmake.build:Building CMake package in '/root/ros2_ws/src/CSE145_RoboticCar/rb5_ros2_control'
[0.501s] INFO:colcon.colcon_core.plugin_system:Skipping extension 'colcon_core.shell.bat': Not used on non-Windows systems
[0.501s] INFO:colcon.colcon_core.shell:Skip shell extension 'powershell' for command environment: Not usable outside of PowerShell
[0.501s] DEBUG:colcon.colcon_core.shell:Skip shell extension 'dsv' for command environment
[0.541s] DEBUG:colcon.colcon_core.event_handler.log_command:Invoking command in '/root/ros2_ws/src/CSE145_RoboticCar/rb5_ros2_control/build/rb5_ros2_control': CMAKE_PREFIX_PATH=${CMAKE_PREFIX_PATH}:/opt/ros/foxy _=/usr/bin/env /usr/bin/cmake /root/ros2_ws/src/CSE145_RoboticCar/rb5_ros2_control -DCMAKE_INSTALL_PREFIX=/root/ros2_ws/src/CSE145_RoboticCar/rb5_ros2_control/install/rb5_ros2_control
[6.708s] DEBUG:colcon.colcon_core.event_handler.log_command:Invoked command in '/root/ros2_ws/src/CSE145_RoboticCar/rb5_ros2_control/build/rb5_ros2_control' returned '0': CMAKE_PREFIX_PATH=${CMAKE_PREFIX_PATH}:/opt/ros/foxy _=/usr/bin/env /usr/bin/cmake /root/ros2_ws/src/CSE145_RoboticCar/rb5_ros2_control -DCMAKE_INSTALL_PREFIX=/root/ros2_ws/src/CSE145_RoboticCar/rb5_ros2_control/install/rb5_ros2_control
[6.735s] DEBUG:colcon.colcon_core.event_handler.log_command:Invoking command in '/root/ros2_ws/src/CSE145_RoboticCar/rb5_ros2_control/build/rb5_ros2_control': CMAKE_PREFIX_PATH=${CMAKE_PREFIX_PATH}:/opt/ros/foxy _=/usr/bin/env /usr/bin/cmake --build /root/ros2_ws/src/CSE145_RoboticCar/rb5_ros2_control/build/rb5_ros2_control -- -j8 -l8
[6.969s] DEBUG:colcon.colcon_core.event_handler.log_command:Invoked command in '/root/ros2_ws/src/CSE145_RoboticCar/rb5_ros2_control/build/rb5_ros2_control' returned '0': CMAKE_PREFIX_PATH=${CMAKE_PREFIX_PATH}:/opt/ros/foxy _=/usr/bin/env /usr/bin/cmake --build /root/ros2_ws/src/CSE145_RoboticCar/rb5_ros2_control/build/rb5_ros2_control -- -j8 -l8
[7.240s] DEBUG:colcon.colcon_core.event_handler.log_command:Invoking command in '/root/ros2_ws/src/CSE145_RoboticCar/rb5_ros2_control/build/rb5_ros2_control': CMAKE_PREFIX_PATH=${CMAKE_PREFIX_PATH}:/opt/ros/foxy _=/usr/bin/env /usr/bin/cmake --install /root/ros2_ws/src/CSE145_RoboticCar/rb5_ros2_control/build/rb5_ros2_control
[7.406s] Level 1:colcon.colcon_core.environment:create_environment_scripts_only(rb5_ros2_control)
[7.408s] DEBUG:colcon.colcon_core.event_handler.log_command:Invoked command in '/root/ros2_ws/src/CSE145_RoboticCar/rb5_ros2_control/build/rb5_ros2_control' returned '0': CMAKE_PREFIX_PATH=${CMAKE_PREFIX_PATH}:/opt/ros/foxy _=/usr/bin/env /usr/bin/cmake --install /root/ros2_ws/src/CSE145_RoboticCar/rb5_ros2_control/build/rb5_ros2_control
[7.427s] Level 1:colcon.colcon_core.environment:checking '/root/ros2_ws/src/CSE145_RoboticCar/rb5_ros2_control/install/rb5_ros2_control' for CMake module files
[7.431s] Level 1:colcon.colcon_core.environment:checking '/root/ros2_ws/src/CSE145_RoboticCar/rb5_ros2_control/install/rb5_ros2_control' for CMake config files
[7.432s] Level 1:colcon.colcon_core.shell:create_environment_hook('rb5_ros2_control', 'cmake_prefix_path')
[7.433s] INFO:colcon.colcon_core.shell:Creating environment hook '/root/ros2_ws/src/CSE145_RoboticCar/rb5_ros2_control/install/rb5_ros2_control/share/rb5_ros2_control/hook/cmake_prefix_path.ps1'
[7.437s] INFO:colcon.colcon_core.shell:Creating environment descriptor '/root/ros2_ws/src/CSE145_RoboticCar/rb5_ros2_control/install/rb5_ros2_control/share/rb5_ros2_control/hook/cmake_prefix_path.dsv'
[7.438s] INFO:colcon.colcon_core.shell:Creating environment hook '/root/ros2_ws/src/CSE145_RoboticCar/rb5_ros2_control/install/rb5_ros2_control/share/rb5_ros2_control/hook/cmake_prefix_path.sh'
[7.442s] Level 1:colcon.colcon_core.environment:checking '/root/ros2_ws/src/CSE145_RoboticCar/rb5_ros2_control/install/rb5_ros2_control/lib'
[7.443s] Level 1:colcon.colcon_core.environment:checking '/root/ros2_ws/src/CSE145_RoboticCar/rb5_ros2_control/install/rb5_ros2_control/bin'
[7.443s] Level 1:colcon.colcon_core.environment:checking '/root/ros2_ws/src/CSE145_RoboticCar/rb5_ros2_control/install/rb5_ros2_control/lib/pkgconfig/rb5_ros2_control.pc'
[7.445s] Level 1:colcon.colcon_core.environment:checking '/root/ros2_ws/src/CSE145_RoboticCar/rb5_ros2_control/install/rb5_ros2_control/lib/python3.8/site-packages'
[7.445s] Level 1:colcon.colcon_core.shell:create_environment_hook('rb5_ros2_control', 'pythonpath')
[7.445s] INFO:colcon.colcon_core.shell:Creating environment hook '/root/ros2_ws/src/CSE145_RoboticCar/rb5_ros2_control/install/rb5_ros2_control/share/rb5_ros2_control/hook/pythonpath.ps1'
[7.446s] INFO:colcon.colcon_core.shell:Creating environment descriptor '/root/ros2_ws/src/CSE145_RoboticCar/rb5_ros2_control/install/rb5_ros2_control/share/rb5_ros2_control/hook/pythonpath.dsv'
[7.446s] INFO:colcon.colcon_core.shell:Creating environment hook '/root/ros2_ws/src/CSE145_RoboticCar/rb5_ros2_control/install/rb5_ros2_control/share/rb5_ros2_control/hook/pythonpath.sh'
[7.447s] Level 1:colcon.colcon_core.environment:checking '/root/ros2_ws/src/CSE145_RoboticCar/rb5_ros2_control/install/rb5_ros2_control/bin'
[7.447s] INFO:colcon.colcon_core.shell:Creating package script '/root/ros2_ws/src/CSE145_RoboticCar/rb5_ros2_control/install/rb5_ros2_control/share/rb5_ros2_control/package.ps1'
[7.449s] INFO:colcon.colcon_core.shell:Creating package descriptor '/root/ros2_ws/src/CSE145_RoboticCar/rb5_ros2_control/install/rb5_ros2_control/share/rb5_ros2_control/package.dsv'
[7.450s] INFO:colcon.colcon_core.shell:Creating package script '/root/ros2_ws/src/CSE145_RoboticCar/rb5_ros2_control/install/rb5_ros2_control/share/rb5_ros2_control/package.sh'
[7.451s] INFO:colcon.colcon_core.shell:Creating package script '/root/ros2_ws/src/CSE145_RoboticCar/rb5_ros2_control/install/rb5_ros2_control/share/rb5_ros2_control/package.bash'
[7.452s] INFO:colcon.colcon_core.shell:Creating package script '/root/ros2_ws/src/CSE145_RoboticCar/rb5_ros2_control/install/rb5_ros2_control/share/rb5_ros2_control/package.zsh'
[7.453s] Level 1:colcon.colcon_core.environment:create_file_with_runtime_dependencies(/root/ros2_ws/src/CSE145_RoboticCar/rb5_ros2_control/install/rb5_ros2_control/share/colcon-core/packages/rb5_ros2_control)
[7.654s] Level 1:colcon.colcon_core.environment:create_environment_scripts_only(rb5_ros2_control)
[7.656s] Level 1:colcon.colcon_core.environment:checking '/root/ros2_ws/src/CSE145_RoboticCar/rb5_ros2_control/install/rb5_ros2_control' for CMake module files
[7.662s] Level 1:colcon.colcon_core.environment:checking '/root/ros2_ws/src/CSE145_RoboticCar/rb5_ros2_control/install/rb5_ros2_control' for CMake config files
[7.664s] Level 1:colcon.colcon_core.shell:create_environment_hook('rb5_ros2_control', 'cmake_prefix_path')
[7.666s] INFO:colcon.colcon_core.shell:Creating environment hook '/root/ros2_ws/src/CSE145_RoboticCar/rb5_ros2_control/install/rb5_ros2_control/share/rb5_ros2_control/hook/cmake_prefix_path.ps1'
[7.669s] INFO:colcon.colcon_core.shell:Creating environment descriptor '/root/ros2_ws/src/CSE145_RoboticCar/rb5_ros2_control/install/rb5_ros2_control/share/rb5_ros2_control/hook/cmake_prefix_path.dsv'
[7.671s] INFO:colcon.colcon_core.shell:Creating environment hook '/root/ros2_ws/src/CSE145_RoboticCar/rb5_ros2_control/install/rb5_ros2_control/share/rb5_ros2_control/hook/cmake_prefix_path.sh'
[7.674s] Level 1:colcon.colcon_core.environment:checking '/root/ros2_ws/src/CSE145_RoboticCar/rb5_ros2_control/install/rb5_ros2_control/lib'
[7.675s] Level 1:colcon.colcon_core.environment:checking '/root/ros2_ws/src/CSE145_RoboticCar/rb5_ros2_control/install/rb5_ros2_control/bin'
[7.675s] Level 1:colcon.colcon_core.environment:checking '/root/ros2_ws/src/CSE145_RoboticCar/rb5_ros2_control/install/rb5_ros2_control/lib/pkgconfig/rb5_ros2_control.pc'
[7.676s] Level 1:colcon.colcon_core.environment:checking '/root/ros2_ws/src/CSE145_RoboticCar/rb5_ros2_control/install/rb5_ros2_control/lib/python3.8/site-packages'
[7.677s] Level 1:colcon.colcon_core.shell:create_environment_hook('rb5_ros2_control', 'pythonpath')
[7.678s] INFO:colcon.colcon_core.shell:Creating environment hook '/root/ros2_ws/src/CSE145_RoboticCar/rb5_ros2_control/install/rb5_ros2_control/share/rb5_ros2_control/hook/pythonpath.ps1'
[7.680s] INFO:colcon.colcon_core.shell:Creating environment descriptor '/root/ros2_ws/src/CSE145_RoboticCar/rb5_ros2_control/install/rb5_ros2_control/share/rb5_ros2_control/hook/pythonpath.dsv'
[7.682s] INFO:colcon.colcon_core.shell:Creating environment hook '/root/ros2_ws/src/CSE145_RoboticCar/rb5_ros2_control/install/rb5_ros2_control/share/rb5_ros2_control/hook/pythonpath.sh'
[7.684s] Level 1:colcon.colcon_core.environment:checking '/root/ros2_ws/src/CSE145_RoboticCar/rb5_ros2_control/install/rb5_ros2_control/bin'
[7.686s] INFO:colcon.colcon_core.shell:Creating package script '/root/ros2_ws/src/CSE145_RoboticCar/rb5_ros2_control/install/rb5_ros2_control/share/rb5_ros2_control/package.ps1'
[7.688s] INFO:colcon.colcon_core.shell:Creating package descriptor '/root/ros2_ws/src/CSE145_RoboticCar/rb5_ros2_control/install/rb5_ros2_control/share/rb5_ros2_control/package.dsv'
[7.691s] INFO:colcon.colcon_core.shell:Creating package script '/root/ros2_ws/src/CSE145_RoboticCar/rb5_ros2_control/install/rb5_ros2_control/share/rb5_ros2_control/package.sh'
[7.693s] INFO:colcon.colcon_core.shell:Creating package script '/root/ros2_ws/src/CSE145_RoboticCar/rb5_ros2_control/install/rb5_ros2_control/share/rb5_ros2_control/package.bash'
[7.694s] INFO:colcon.colcon_core.shell:Creating package script '/root/ros2_ws/src/CSE145_RoboticCar/rb5_ros2_control/install/rb5_ros2_control/share/rb5_ros2_control/package.zsh'
[7.696s] Level 1:colcon.colcon_core.environment:create_file_with_runtime_dependencies(/root/ros2_ws/src/CSE145_RoboticCar/rb5_ros2_control/install/rb5_ros2_control/share/colcon-core/packages/rb5_ros2_control)
[7.697s] DEBUG:colcon.colcon_parallel_executor.executor.parallel:closing loop
[7.698s] DEBUG:colcon.colcon_parallel_executor.executor.parallel:loop closed
[7.699s] DEBUG:colcon.colcon_parallel_executor.executor.parallel:run_until_complete finished with '0'
[7.699s] DEBUG:colcon.colcon_core.event_reactor:joining thread
[7.723s] INFO:colcon.colcon_core.plugin_system:Skipping extension 'colcon_notification.desktop_notification.notify_send': Could not find 'notify-send'
[7.723s] INFO:colcon.colcon_core.plugin_system:Skipping extension 'colcon_notification.desktop_notification.terminal_notifier': Not used on non-Darwin systems
[7.723s] INFO:colcon.colcon_core.plugin_system:Skipping extension 'colcon_notification.desktop_notification.win32': Not used on non-Windows systems
[7.723s] INFO:colcon.colcon_notification.desktop_notification:Sending desktop notification using 'notify2'
[7.764s] DEBUG:colcon.colcon_notification.desktop_notification.notify2:Failed to initialize notify2: org.freedesktop.DBus.Error.ServiceUnknown: The name org.freedesktop.Notifications was not provided by any .service files
[7.765s] DEBUG:colcon.colcon_core.event_reactor:joined thread
[7.765s] INFO:colcon.colcon_core.shell:Creating prefix script '/root/ros2_ws/src/CSE145_RoboticCar/rb5_ros2_control/install/local_setup.ps1'
[7.767s] INFO:colcon.colcon_core.shell:Creating prefix util module '/root/ros2_ws/src/CSE145_RoboticCar/rb5_ros2_control/install/_local_setup_util_ps1.py'
[7.769s] INFO:colcon.colcon_core.shell:Creating prefix chain script '/root/ros2_ws/src/CSE145_RoboticCar/rb5_ros2_control/install/setup.ps1'
[7.770s] INFO:colcon.colcon_core.shell:Creating prefix script '/root/ros2_ws/src/CSE145_RoboticCar/rb5_ros2_control/install/local_setup.sh'
[7.771s] INFO:colcon.colcon_core.shell:Creating prefix util module '/root/ros2_ws/src/CSE145_RoboticCar/rb5_ros2_control/install/_local_setup_util_sh.py'
[7.772s] INFO:colcon.colcon_core.shell:Creating prefix chain script '/root/ros2_ws/src/CSE145_RoboticCar/rb5_ros2_control/install/setup.sh'
[7.773s] INFO:colcon.colcon_core.shell:Creating prefix script '/root/ros2_ws/src/CSE145_RoboticCar/rb5_ros2_control/install/local_setup.bash'
[7.774s] INFO:colcon.colcon_core.shell:Creating prefix chain script '/root/ros2_ws/src/CSE145_RoboticCar/rb5_ros2_control/install/setup.bash'
[7.775s] INFO:colcon.colcon_core.shell:Creating prefix script '/root/ros2_ws/src/CSE145_RoboticCar/rb5_ros2_control/install/local_setup.zsh'
[7.776s] INFO:colcon.colcon_core.shell:Creating prefix chain script '/root/ros2_ws/src/CSE145_RoboticCar/rb5_ros2_control/install/setup.zsh'
