[0.058s] Invoking command in '/root/ros2_ws/src/CSE145_RoboticCar/rb5_ros2_control/build/rb5_ros2_control': CMAKE_PREFIX_PATH=${CMAKE_PREFIX_PATH}:/root/ros2_ws/install/open_loop_control:/opt/ros/foxy _=/usr/bin/env /usr/bin/cmake --build /root/ros2_ws/src/CSE145_RoboticCar/rb5_ros2_control/build/rb5_ros2_control -- -j8 -l8
[0.157s] -- Found ament_cmake: 0.9.12 (/opt/ros/foxy/share/ament_cmake/cmake)
[0.225s] -- Using PYTHON_EXECUTABLE: /usr/bin/python3
[0.441s] -- Found rclcpp: 2.4.3 (/opt/ros/foxy/share/rclcpp/cmake)
[0.501s] -- Using all available rosidl_typesupport_c: rosidl_typesupport_fastrtps_c;rosidl_typesupport_introspection_c
[0.504s] -- Found rosidl_adapter: 1.3.1 (/opt/ros/foxy/share/rosidl_adapter/cmake)
[0.754s] -- Using all available rosidl_typesupport_cpp: rosidl_typesupport_fastrtps_cpp;rosidl_typesupport_introspection_cpp
[0.799s] -- Found rmw_implementation_cmake: 1.0.4 (/opt/ros/foxy/share/rmw_implementation_cmake/cmake)
[0.802s] -- Using RMW implementation 'rmw_fastrtps_cpp' as default
[0.929s] -- Found rclpy: 1.0.13 (/opt/ros/foxy/share/rclpy/cmake)
[0.932s] -- Found ament_lint_auto: 0.9.8 (/opt/ros/foxy/share/ament_lint_auto/cmake)
[1.034s] -- Added test 'copyright' to check source files copyright and LICENSE
[1.051s] -- Added test 'cppcheck' to perform static code analysis on C / C++ code
[1.052s] -- Configured cppcheck include dirs: 
[1.053s] -- Configured cppcheck exclude dirs and/or files: 
[1.067s] -- Added test 'cpplint' to check C / C++ code against the Google style
[1.068s] -- Configured cpplint exclude dirs and/or files: 
[1.069s] -- Added test 'flake8' to check Python code syntax and style conventions
[1.074s] -- Added test 'lint_cmake' to check CMake code style
[1.076s] -- Added test 'pep257' to check Python code against some of the style conventions in PEP 257
[1.092s] -- Added test 'uncrustify' to check C / C++ code style
[1.094s] -- Configured uncrustify additional arguments: 
[1.095s] -- Added test 'xmllint' to check XML markup files
[1.101s] -- Configuring done
[1.106s] -- Generating done
[1.108s] -- Build files have been written to: /root/ros2_ws/src/CSE145_RoboticCar/rb5_ros2_control/build/rb5_ros2_control
[1.258s] Invoked command in '/root/ros2_ws/src/CSE145_RoboticCar/rb5_ros2_control/build/rb5_ros2_control' returned '0': CMAKE_PREFIX_PATH=${CMAKE_PREFIX_PATH}:/root/ros2_ws/install/open_loop_control:/opt/ros/foxy _=/usr/bin/env /usr/bin/cmake --build /root/ros2_ws/src/CSE145_RoboticCar/rb5_ros2_control/build/rb5_ros2_control -- -j8 -l8
[1.565s] Invoking command in '/root/ros2_ws/src/CSE145_RoboticCar/rb5_ros2_control/build/rb5_ros2_control': CMAKE_PREFIX_PATH=${CMAKE_PREFIX_PATH}:/root/ros2_ws/install/open_loop_control:/opt/ros/foxy _=/usr/bin/env /usr/bin/cmake --install /root/ros2_ws/src/CSE145_RoboticCar/rb5_ros2_control/build/rb5_ros2_control
[1.600s] -- Install configuration: ""
[1.601s] -- Up-to-date: /root/ros2_ws/src/CSE145_RoboticCar/rb5_ros2_control/install/rb5_ros2_control/share/rb5_ros2_control/environment/pythonpath.sh
[1.602s] -- Installing: /root/ros2_ws/src/CSE145_RoboticCar/rb5_ros2_control/install/rb5_ros2_control/share/rb5_ros2_control/environment/pythonpath.dsv
[1.603s] -- Up-to-date: /root/ros2_ws/src/CSE145_RoboticCar/rb5_ros2_control/install/rb5_ros2_control/lib/python3.8/site-packages/rb5_ros2_control
[1.605s] -- Up-to-date: /root/ros2_ws/src/CSE145_RoboticCar/rb5_ros2_control/install/rb5_ros2_control/lib/python3.8/site-packages/rb5_ros2_control/__init__.py
[1.607s] -- Up-to-date: /root/ros2_ws/src/CSE145_RoboticCar/rb5_ros2_control/install/rb5_ros2_control/lib/python3.8/site-packages/rb5_ros2_control/build
[1.608s] -- Up-to-date: /root/ros2_ws/src/CSE145_RoboticCar/rb5_ros2_control/install/rb5_ros2_control/lib/python3.8/site-packages/rb5_ros2_control/build/.built_by
[1.610s] -- Up-to-date: /root/ros2_ws/src/CSE145_RoboticCar/rb5_ros2_control/install/rb5_ros2_control/lib/python3.8/site-packages/rb5_ros2_control/build/COLCON_IGNORE
[1.611s] -- Up-to-date: /root/ros2_ws/src/CSE145_RoboticCar/rb5_ros2_control/install/rb5_ros2_control/lib/python3.8/site-packages/rb5_ros2_control/install
[1.612s] -- Up-to-date: /root/ros2_ws/src/CSE145_RoboticCar/rb5_ros2_control/install/rb5_ros2_control/lib/python3.8/site-packages/rb5_ros2_control/install/.colcon_install_layout
[1.613s] -- Up-to-date: /root/ros2_ws/src/CSE145_RoboticCar/rb5_ros2_control/install/rb5_ros2_control/lib/python3.8/site-packages/rb5_ros2_control/install/COLCON_IGNORE
[1.615s] -- Up-to-date: /root/ros2_ws/src/CSE145_RoboticCar/rb5_ros2_control/install/rb5_ros2_control/lib/python3.8/site-packages/rb5_ros2_control/install/_local_setup_util_ps1.py
[1.616s] -- Up-to-date: /root/ros2_ws/src/CSE145_RoboticCar/rb5_ros2_control/install/rb5_ros2_control/lib/python3.8/site-packages/rb5_ros2_control/install/_local_setup_util_sh.py
[1.617s] -- Up-to-date: /root/ros2_ws/src/CSE145_RoboticCar/rb5_ros2_control/install/rb5_ros2_control/lib/python3.8/site-packages/rb5_ros2_control/install/local_setup.bash
[1.618s] -- Up-to-date: /root/ros2_ws/src/CSE145_RoboticCar/rb5_ros2_control/install/rb5_ros2_control/lib/python3.8/site-packages/rb5_ros2_control/install/local_setup.ps1
[1.619s] -- Up-to-date: /root/ros2_ws/src/CSE145_RoboticCar/rb5_ros2_control/install/rb5_ros2_control/lib/python3.8/site-packages/rb5_ros2_control/install/local_setup.sh
[1.620s] -- Up-to-date: /root/ros2_ws/src/CSE145_RoboticCar/rb5_ros2_control/install/rb5_ros2_control/lib/python3.8/site-packages/rb5_ros2_control/install/local_setup.zsh
[1.621s] -- Up-to-date: /root/ros2_ws/src/CSE145_RoboticCar/rb5_ros2_control/install/rb5_ros2_control/lib/python3.8/site-packages/rb5_ros2_control/install/setup.bash
[1.621s] -- Up-to-date: /root/ros2_ws/src/CSE145_RoboticCar/rb5_ros2_control/install/rb5_ros2_control/lib/python3.8/site-packages/rb5_ros2_control/install/setup.ps1
[1.621s] -- Up-to-date: /root/ros2_ws/src/CSE145_RoboticCar/rb5_ros2_control/install/rb5_ros2_control/lib/python3.8/site-packages/rb5_ros2_control/install/setup.sh
[1.622s] -- Up-to-date: /root/ros2_ws/src/CSE145_RoboticCar/rb5_ros2_control/install/rb5_ros2_control/lib/python3.8/site-packages/rb5_ros2_control/install/setup.zsh
[1.622s] -- Up-to-date: /root/ros2_ws/src/CSE145_RoboticCar/rb5_ros2_control/install/rb5_ros2_control/lib/python3.8/site-packages/rb5_ros2_control/log
[1.622s] -- Up-to-date: /root/ros2_ws/src/CSE145_RoboticCar/rb5_ros2_control/install/rb5_ros2_control/lib/python3.8/site-packages/rb5_ros2_control/log/COLCON_IGNORE
[1.623s] -- Up-to-date: /root/ros2_ws/src/CSE145_RoboticCar/rb5_ros2_control/install/rb5_ros2_control/lib/python3.8/site-packages/rb5_ros2_control/log/build_2025-04-26_20-07-13
[1.623s] -- Up-to-date: /root/ros2_ws/src/CSE145_RoboticCar/rb5_ros2_control/install/rb5_ros2_control/lib/python3.8/site-packages/rb5_ros2_control/log/build_2025-04-26_20-07-13/events.log
[1.624s] -- Up-to-date: /root/ros2_ws/src/CSE145_RoboticCar/rb5_ros2_control/install/rb5_ros2_control/lib/python3.8/site-packages/rb5_ros2_control/log/build_2025-04-26_20-07-13/logger_all.log
[1.624s] -- Up-to-date: /root/ros2_ws/src/CSE145_RoboticCar/rb5_ros2_control/install/rb5_ros2_control/lib/python3.8/site-packages/rb5_ros2_control/log/latest
[1.624s] -- Up-to-date: /root/ros2_ws/src/CSE145_RoboticCar/rb5_ros2_control/install/rb5_ros2_control/lib/python3.8/site-packages/rb5_ros2_control/log/latest_build
[1.625s] -- Up-to-date: /root/ros2_ws/src/CSE145_RoboticCar/rb5_ros2_control/install/rb5_ros2_control/lib/python3.8/site-packages/rb5_ros2_control/mpi_control.py
[1.625s] -- Up-to-date: /root/ros2_ws/src/CSE145_RoboticCar/rb5_ros2_control/install/rb5_ros2_control/lib/python3.8/site-packages/rb5_ros2_control/open_loop_node.py
[1.626s] -- Up-to-date: /root/ros2_ws/src/CSE145_RoboticCar/rb5_ros2_control/install/rb5_ros2_control/lib/python3.8/site-packages/rb5_ros2_control/rb5_control_node.py
[1.626s] -- Installing: /root/ros2_ws/src/CSE145_RoboticCar/rb5_ros2_control/install/rb5_ros2_control/lib/python3.8/site-packages/rb5_ros2_control/rb5_keyjoy_control_node.py
[1.626s] -- Installing: /root/ros2_ws/src/CSE145_RoboticCar/rb5_ros2_control/install/rb5_ros2_control/lib/python3.8/site-packages/rb5_ros2_control/subscriber_node.py
[1.627s] -- Installing: /root/ros2_ws/src/CSE145_RoboticCar/rb5_ros2_control/install/rb5_ros2_control/lib/python3.8/site-packages/rb5_ros2_control/test_megaPi.py
[1.627s] -- Installing: /root/ros2_ws/src/CSE145_RoboticCar/rb5_ros2_control/install/rb5_ros2_control/lib/python3.8/site-packages/rb5_ros2_control/.keyboard_to_joy.py.swp
[1.627s] -- Installing: /root/ros2_ws/src/CSE145_RoboticCar/rb5_ros2_control/install/rb5_ros2_control/lib/python3.8/site-packages/rb5_ros2_control/keyboard_to_joy.py
[1.628s] -- Installing: /root/ros2_ws/src/CSE145_RoboticCar/rb5_ros2_control/install/rb5_ros2_control/lib/python3.8/site-packages/rb5_ros2_control/.rb5_keyjoy_control_node.py.swp
[1.628s] -- Installing: /root/ros2_ws/src/CSE145_RoboticCar/rb5_ros2_control/install/rb5_ros2_control/lib/python3.8/site-packages/rb5_ros2_control/package_practice1.py
[1.679s] Listing '/root/ros2_ws/src/CSE145_RoboticCar/rb5_ros2_control/install/rb5_ros2_control/lib/python3.8/site-packages/rb5_ros2_control'...
[1.680s] Compiling '/root/ros2_ws/src/CSE145_RoboticCar/rb5_ros2_control/install/rb5_ros2_control/lib/python3.8/site-packages/rb5_ros2_control/__init__.py'...
[1.680s] Listing '/root/ros2_ws/src/CSE145_RoboticCar/rb5_ros2_control/install/rb5_ros2_control/lib/python3.8/site-packages/rb5_ros2_control/build'...
[1.681s] Listing '/root/ros2_ws/src/CSE145_RoboticCar/rb5_ros2_control/install/rb5_ros2_control/lib/python3.8/site-packages/rb5_ros2_control/install'...
[1.682s] Compiling '/root/ros2_ws/src/CSE145_RoboticCar/rb5_ros2_control/install/rb5_ros2_control/lib/python3.8/site-packages/rb5_ros2_control/install/_local_setup_util_ps1.py'...
[1.682s] Compiling '/root/ros2_ws/src/CSE145_RoboticCar/rb5_ros2_control/install/rb5_ros2_control/lib/python3.8/site-packages/rb5_ros2_control/install/_local_setup_util_sh.py'...
[1.683s] Compiling '/root/ros2_ws/src/CSE145_RoboticCar/rb5_ros2_control/install/rb5_ros2_control/lib/python3.8/site-packages/rb5_ros2_control/keyboard_to_joy.py'...
[1.683s] Listing '/root/ros2_ws/src/CSE145_RoboticCar/rb5_ros2_control/install/rb5_ros2_control/lib/python3.8/site-packages/rb5_ros2_control/log'...
[1.684s] Listing '/root/ros2_ws/src/CSE145_RoboticCar/rb5_ros2_control/install/rb5_ros2_control/lib/python3.8/site-packages/rb5_ros2_control/log/build_2025-04-26_20-07-13'...
[1.686s] Compiling '/root/ros2_ws/src/CSE145_RoboticCar/rb5_ros2_control/install/rb5_ros2_control/lib/python3.8/site-packages/rb5_ros2_control/mpi_control.py'...
[1.688s] Compiling '/root/ros2_ws/src/CSE145_RoboticCar/rb5_ros2_control/install/rb5_ros2_control/lib/python3.8/site-packages/rb5_ros2_control/open_loop_node.py'...
[1.689s] Compiling '/root/ros2_ws/src/CSE145_RoboticCar/rb5_ros2_control/install/rb5_ros2_control/lib/python3.8/site-packages/rb5_ros2_control/package_practice1.py'...
[1.690s] Compiling '/root/ros2_ws/src/CSE145_RoboticCar/rb5_ros2_control/install/rb5_ros2_control/lib/python3.8/site-packages/rb5_ros2_control/rb5_control_node.py'...
[1.691s] Compiling '/root/ros2_ws/src/CSE145_RoboticCar/rb5_ros2_control/install/rb5_ros2_control/lib/python3.8/site-packages/rb5_ros2_control/rb5_keyjoy_control_node.py'...
[1.692s] Compiling '/root/ros2_ws/src/CSE145_RoboticCar/rb5_ros2_control/install/rb5_ros2_control/lib/python3.8/site-packages/rb5_ros2_control/subscriber_node.py'...
[1.693s] Compiling '/root/ros2_ws/src/CSE145_RoboticCar/rb5_ros2_control/install/rb5_ros2_control/lib/python3.8/site-packages/rb5_ros2_control/test_megaPi.py'...
[1.695s] -- Up-to-date: /root/ros2_ws/src/CSE145_RoboticCar/rb5_ros2_control/install/rb5_ros2_control/lib/rb5_ros2_control/mpi_control.py
[1.698s] -- Up-to-date: /root/ros2_ws/src/CSE145_RoboticCar/rb5_ros2_control/install/rb5_ros2_control/lib/rb5_ros2_control/rb5_control_node.py
[1.702s] -- Installing: /root/ros2_ws/src/CSE145_RoboticCar/rb5_ros2_control/install/rb5_ros2_control/lib/rb5_ros2_control/rb5_keyjoy_control_node.py
[1.706s] -- Up-to-date: /root/ros2_ws/src/CSE145_RoboticCar/rb5_ros2_control/install/rb5_ros2_control/lib/rb5_ros2_control/open_loop_node.py
[1.724s] -- Installing: /root/ros2_ws/src/CSE145_RoboticCar/rb5_ros2_control/install/rb5_ros2_control/lib/rb5_ros2_control/subscriber_node.py
[1.725s] CMake Error at cmake_install.cmake:61 (file):
[1.726s]   file INSTALL cannot find
[1.727s]   "/root/ros2_ws/src/CSE145_RoboticCar/rb5_ros2_control/rb5_ros_control/package_practice1.py":
[1.727s]   No such file or directory.
[1.729s] 
[1.732s] 
[1.733s] Invoked command in '/root/ros2_ws/src/CSE145_RoboticCar/rb5_ros2_control/build/rb5_ros2_control' returned '1': CMAKE_PREFIX_PATH=${CMAKE_PREFIX_PATH}:/root/ros2_ws/install/open_loop_control:/opt/ros/foxy _=/usr/bin/env /usr/bin/cmake --install /root/ros2_ws/src/CSE145_RoboticCar/rb5_ros2_control/build/rb5_ros2_control
