-- The C compiler identification is GNU 9.4.0
-- The CXX compiler identification is GNU 9.4.0
-- Check for working C compiler: /usr/bin/cc
-- Check for working C compiler: /usr/bin/cc -- works
-- Detecting C compiler ABI info
-- Detecting C compiler ABI info - done
-- Detecting C compile features
-- Detecting C compile features - done
-- Check for working CXX compiler: /usr/bin/c++
-- Check for working CXX compiler: /usr/bin/c++ -- works
-- Detecting CXX compiler ABI info
-- Detecting CXX compiler ABI info - done
-- Detecting CXX compile features
-- Detecting CXX compile features - done
-- Found ament_cmake: 0.9.12 (/opt/ros/foxy/share/ament_cmake/cmake)
-- Found PythonInterp: /usr/bin/python3 (found suitable version "3.8.10", minimum required is "3") 
-- Using PYTHON_EXECUTABLE: /usr/bin/python3
-- Found rclcpp: 2.4.3 (/opt/ros/foxy/share/rclcpp/cmake)
-- Using all available rosidl_typesupport_c: rosidl_typesupport_fastrtps_c;rosidl_typesupport_introspection_c
-- Found rosidl_adapter: 1.3.1 (/opt/ros/foxy/share/rosidl_adapter/cmake)
-- Found OpenSSL: /usr/lib/aarch64-linux-gnu/libcrypto.so (found version "1.1.1f")  
-- Found FastRTPS: /opt/ros/foxy/include  
-- Using all available rosidl_typesupport_cpp: rosidl_typesupport_fastrtps_cpp;rosidl_typesupport_introspection_cpp
-- Found rmw_implementation_cmake: 1.0.4 (/opt/ros/foxy/share/rmw_implementation_cmake/cmake)
-- Using RMW implementation 'rmw_fastrtps_cpp' as default
-- Looking for pthread.h
-- Looking for pthread.h - found
-- Performing Test CMAKE_HAVE_LIBC_PTHREAD
-- Performing Test CMAKE_HAVE_LIBC_PTHREAD - Failed
-- Looking for pthread_create in pthreads
-- Looking for pthread_create in pthreads - not found
-- Looking for pthread_create in pthread
-- Looking for pthread_create in pthread - found
-- Found Threads: TRUE  
-- Found rclpy: 1.0.13 (/opt/ros/foxy/share/rclpy/cmake)
-- Found ament_lint_auto: 0.9.8 (/opt/ros/foxy/share/ament_lint_auto/cmake)
-- Added test 'copyright' to check source files copyright and LICENSE
-- Added test 'cppcheck' to perform static code analysis on C / C++ code
-- Configured cppcheck include dirs: 
-- Configured cppcheck exclude dirs and/or files: 
-- Added test 'cpplint' to check C / C++ code against the Google style
-- Configured cpplint exclude dirs and/or files: 
-- Added test 'flake8' to check Python code syntax and style conventions
-- Added test 'lint_cmake' to check CMake code style
-- Added test 'pep257' to check Python code against some of the style conventions in PEP 257
-- Added test 'uncrustify' to check C / C++ code style
-- Configured uncrustify additional arguments: 
-- Added test 'xmllint' to check XML markup files
-- Configuring done
-- Generating done
-- Build files have been written to: /root/ros2_ws/src/CSE145_RoboticCar/rb5_ros2_control/build/rb5_ros2_control
-- Install configuration: ""
-- Installing: /root/ros2_ws/src/CSE145_RoboticCar/rb5_ros2_control/install/rb5_ros2_control/share/rb5_ros2_control/environment/pythonpath.sh
-- Installing: /root/ros2_ws/src/CSE145_RoboticCar/rb5_ros2_control/install/rb5_ros2_control/share/rb5_ros2_control/environment/pythonpath.dsv
-- Installing: /root/ros2_ws/src/CSE145_RoboticCar/rb5_ros2_control/install/rb5_ros2_control/lib/python3.8/site-packages/rb5_ros2_control
-- Installing: /root/ros2_ws/src/CSE145_RoboticCar/rb5_ros2_control/install/rb5_ros2_control/lib/python3.8/site-packages/rb5_ros2_control/__init__.py
-- Installing: /root/ros2_ws/src/CSE145_RoboticCar/rb5_ros2_control/install/rb5_ros2_control/lib/python3.8/site-packages/rb5_ros2_control/mpi_control.py
-- Installing: /root/ros2_ws/src/CSE145_RoboticCar/rb5_ros2_control/install/rb5_ros2_control/lib/python3.8/site-packages/rb5_ros2_control/rb5_control_node.py
-- Installing: /root/ros2_ws/src/CSE145_RoboticCar/rb5_ros2_control/install/rb5_ros2_control/lib/python3.8/site-packages/rb5_ros2_control/rb5_keyjoy_control_node.py
-- Installing: /root/ros2_ws/src/CSE145_RoboticCar/rb5_ros2_control/install/rb5_ros2_control/lib/python3.8/site-packages/rb5_ros2_control/open_loop_node.py
Listing '/root/ros2_ws/src/CSE145_RoboticCar/rb5_ros2_control/install/rb5_ros2_control/lib/python3.8/site-packages/rb5_ros2_control'...
Compiling '/root/ros2_ws/src/CSE145_RoboticCar/rb5_ros2_control/install/rb5_ros2_control/lib/python3.8/site-packages/rb5_ros2_control/__init__.py'...
Compiling '/root/ros2_ws/src/CSE145_RoboticCar/rb5_ros2_control/install/rb5_ros2_control/lib/python3.8/site-packages/rb5_ros2_control/mpi_control.py'...
Compiling '/root/ros2_ws/src/CSE145_RoboticCar/rb5_ros2_control/install/rb5_ros2_control/lib/python3.8/site-packages/rb5_ros2_control/open_loop_node.py'...
Compiling '/root/ros2_ws/src/CSE145_RoboticCar/rb5_ros2_control/install/rb5_ros2_control/lib/python3.8/site-packages/rb5_ros2_control/rb5_control_node.py'...
Compiling '/root/ros2_ws/src/CSE145_RoboticCar/rb5_ros2_control/install/rb5_ros2_control/lib/python3.8/site-packages/rb5_ros2_control/rb5_keyjoy_control_node.py'...
-- Installing: /root/ros2_ws/src/CSE145_RoboticCar/rb5_ros2_control/install/rb5_ros2_control/lib/rb5_ros2_control/mpi_control.py
-- Installing: /root/ros2_ws/src/CSE145_RoboticCar/rb5_ros2_control/install/rb5_ros2_control/lib/rb5_ros2_control/rb5_control_node.py
-- Installing: /root/ros2_ws/src/CSE145_RoboticCar/rb5_ros2_control/install/rb5_ros2_control/lib/rb5_ros2_control/rb5_keyjoy_control_node.py
-- Installing: /root/ros2_ws/src/CSE145_RoboticCar/rb5_ros2_control/install/rb5_ros2_control/lib/rb5_ros2_control/open_loop_node.py
-- Installing: /root/ros2_ws/src/CSE145_RoboticCar/rb5_ros2_control/install/rb5_ros2_control/share/ament_index/resource_index/package_run_dependencies/rb5_ros2_control
-- Installing: /root/ros2_ws/src/CSE145_RoboticCar/rb5_ros2_control/install/rb5_ros2_control/share/ament_index/resource_index/parent_prefix_path/rb5_ros2_control
-- Installing: /root/ros2_ws/src/CSE145_RoboticCar/rb5_ros2_control/install/rb5_ros2_control/share/rb5_ros2_control/environment/ament_prefix_path.sh
-- Installing: /root/ros2_ws/src/CSE145_RoboticCar/rb5_ros2_control/install/rb5_ros2_control/share/rb5_ros2_control/environment/ament_prefix_path.dsv
-- Installing: /root/ros2_ws/src/CSE145_RoboticCar/rb5_ros2_control/install/rb5_ros2_control/share/rb5_ros2_control/environment/path.sh
-- Installing: /root/ros2_ws/src/CSE145_RoboticCar/rb5_ros2_control/install/rb5_ros2_control/share/rb5_ros2_control/environment/path.dsv
-- Installing: /root/ros2_ws/src/CSE145_RoboticCar/rb5_ros2_control/install/rb5_ros2_control/share/rb5_ros2_control/local_setup.bash
-- Installing: /root/ros2_ws/src/CSE145_RoboticCar/rb5_ros2_control/install/rb5_ros2_control/share/rb5_ros2_control/local_setup.sh
-- Installing: /root/ros2_ws/src/CSE145_RoboticCar/rb5_ros2_control/install/rb5_ros2_control/share/rb5_ros2_control/local_setup.zsh
-- Installing: /root/ros2_ws/src/CSE145_RoboticCar/rb5_ros2_control/install/rb5_ros2_control/share/rb5_ros2_control/local_setup.dsv
-- Installing: /root/ros2_ws/src/CSE145_RoboticCar/rb5_ros2_control/install/rb5_ros2_control/share/rb5_ros2_control/package.dsv
-- Installing: /root/ros2_ws/src/CSE145_RoboticCar/rb5_ros2_control/install/rb5_ros2_control/share/ament_index/resource_index/packages/rb5_ros2_control
-- Installing: /root/ros2_ws/src/CSE145_RoboticCar/rb5_ros2_control/install/rb5_ros2_control/share/rb5_ros2_control/cmake/rb5_ros2_controlConfig.cmake
-- Installing: /root/ros2_ws/src/CSE145_RoboticCar/rb5_ros2_control/install/rb5_ros2_control/share/rb5_ros2_control/cmake/rb5_ros2_controlConfig-version.cmake
-- Installing: /root/ros2_ws/src/CSE145_RoboticCar/rb5_ros2_control/install/rb5_ros2_control/share/rb5_ros2_control/package.xml
